<?xml version="1.0" encoding="UTF-8"?>
<!-- Generated by org.testng.reporters.JUnitXMLReporter -->
<testsuite hostname="NGOC-THY-PC" failures="0" tests="3" name="Default test" time="0.455" errors="0" timestamp="22 Aug 2021 09:17:46 GMT">
  <testcase classname="testNG.CloseBrowserAndDriver" name="@BeforeTest beforeTest" time="0.0">
    <failure type="java.lang.IllegalArgumentException" message="No enum constant commons.BaseTest.BROWSER.PARAM-VAL-NOT-FOUND">
      <![CDATA[java.lang.IllegalArgumentException: No enum constant commons.BaseTest.BROWSER.PARAM-VAL-NOT-FOUND
	at java.base/java.lang.Enum.valueOf(Enum.java:273)
	at commons.BaseTest$BROWSER.valueOf(BaseTest.java:1)
	at commons.BaseTest.multiBrowser(BaseTest.java:35)
	at testNG.CloseBrowserAndDriver.beforeTest(CloseBrowserAndDriver.java:44)
	at java.base/jdk.internal.reflect.NativeMethodAccessorImpl.invoke0(Native Method)
	at java.base/jdk.internal.reflect.NativeMethodAccessorImpl.invoke(NativeMethodAccessorImpl.java:64)
	at java.base/jdk.internal.reflect.DelegatingMethodAccessorImpl.invoke(DelegatingMethodAccessorImpl.java:43)
	at java.base/java.lang.reflect.Method.invoke(Method.java:564)
	at org.testng.internal.MethodInvocationHelper.invokeMethod(MethodInvocationHelper.java:86)
	at org.testng.internal.Invoker.invokeConfigurationMethod(Invoker.java:514)
	at org.testng.internal.Invoker.invokeConfigurations(Invoker.java:215)
	at org.testng.internal.Invoker.invokeConfigurations(Invoker.java:142)
	at org.testng.TestRunner.beforeRun(TestRunner.java:656)
	at org.testng.TestRunner.run(TestRunner.java:624)
	at org.testng.SuiteRunner.runTest(SuiteRunner.java:366)
	at org.testng.SuiteRunner.runSequentially(SuiteRunner.java:361)
	at org.testng.SuiteRunner.privateRun(SuiteRunner.java:319)
	at org.testng.SuiteRunner.run(SuiteRunner.java:268)
	at org.testng.SuiteRunnerWorker.runSuite(SuiteRunnerWorker.java:52)
	at org.testng.SuiteRunnerWorker.run(SuiteRunnerWorker.java:86)
	at org.testng.TestNG.runSuitesSequentially(TestNG.java:1244)
	at org.testng.TestNG.runSuitesLocally(TestNG.java:1169)
	at org.testng.TestNG.run(TestNG.java:1064)
	at org.testng.remote.AbstractRemoteTestNG.run(AbstractRemoteTestNG.java:115)
	at org.testng.remote.RemoteTestNG.initAndRun(RemoteTestNG.java:251)
	at org.testng.remote.RemoteTestNG.main(RemoteTestNG.java:77)
]]>
    </failure>
  </testcase> <!-- @BeforeTest beforeTest -->
  <testcase classname="testNG.CloseBrowserAndDriver" name="TC_01_Register" time="0.018">
    <skipped/>
  </testcase> <!-- TC_01_Register -->
  <testcase classname="testNG.CloseBrowserAndDriver" name="TC_02_Login" time="0.009">
    <skipped/>
  </testcase> <!-- TC_02_Login -->
  <testcase classname="testNG.CloseBrowserAndDriver" name="TC_03_MyAccount" time="0.041">
    <skipped/>
  </testcase> <!-- TC_03_MyAccount -->
</testsuite> <!-- Default test -->
