<?xml version="1.0" encoding="UTF-8"?>
<testsuite name="run on firefox"
           tests="11"
           failures="1"
           errors="0"
           skipped="0"
           time="22.975">
  <properties />
            <testcase name="Employee_03_Personal_Details" time="2.655" classname="com.hrm.employee.Level_19_Live_Coding">
                <failure type="org.openqa.selenium.ElementClickInterceptedException"
                  message="Element &lt;select id=&quot;personal_cmbMarital&quot; class=&quot;editable&quot; name=&quot;personal[cmbMarital]&quot;&gt; is not clickable at point (944,405) because another element &lt;a class=&quot;ui-state-default&quot; href=&quot;#&quot;&gt; obscures it
Build info: version: &apos;3.141.59&apos;, revision: &apos;e82be7d358&apos;, time: &apos;2018-11-14T08:25:53&apos;
System info: host: &apos;NGOC-THY-PC&apos;, ip: &apos;192.168.1.18&apos;, os.name: &apos;Windows 7&apos;, os.arch: &apos;amd64&apos;, os.version: &apos;6.1&apos;, java.version: &apos;15.0.2&apos;
Driver info: org.openqa.selenium.firefox.FirefoxDriver
Capabilities {acceptInsecureCerts: true, browserName: firefox, browserVersion: 88.0.1, javascriptEnabled: true, moz:accessibilityChecks: false, moz:buildID: 20210504152106, moz:geckodriverVersion: 0.29.0, moz:headless: false, moz:processID: 6648, moz:profile: C:\Users\NGOC-THY\AppData\L..., moz:shutdownTimeout: 60000, moz:useNonSpecCompliantPointerOrigin: false, moz:webdriverClick: true, pageLoadStrategy: normal, platform: WINDOWS, platformName: WINDOWS, platformVersion: 6.1, rotatable: false, setWindowRect: true, strictFileInteractability: false, timeouts: {implicit: 0, pageLoad: 300000, script: 30000}, unhandledPromptBehavior: dismiss and notify}
Session ID: da5b51b6-0a15-4547-bb75-31fb83fdeb8d"
              >
<![CDATA[org.openqa.selenium.ElementClickInterceptedException: Element <select id="personal_cmbMarital" class="editable" name="personal[cmbMarital]"> is not clickable at point (944,405) because another element <a class="ui-state-default" href="#"> obscures it
Build info: version: '3.141.59', revision: 'e82be7d358', time: '2018-11-14T08:25:53'
System info: host: 'NGOC-THY-PC', ip: '192.168.1.18', os.name: 'Windows 7', os.arch: 'amd64', os.version: '6.1', java.version: '15.0.2'
Driver info: org.openqa.selenium.firefox.FirefoxDriver
Capabilities {acceptInsecureCerts: true, browserName: firefox, browserVersion: 88.0.1, javascriptEnabled: true, moz:accessibilityChecks: false, moz:buildID: 20210504152106, moz:geckodriverVersion: 0.29.0, moz:headless: false, moz:processID: 6648, moz:profile: C:\Users\NGOC-THY\AppData\L..., moz:shutdownTimeout: 60000, moz:useNonSpecCompliantPointerOrigin: false, moz:webdriverClick: true, pageLoadStrategy: normal, platform: WINDOWS, platformName: WINDOWS, platformVersion: 6.1, rotatable: false, setWindowRect: true, strictFileInteractability: false, timeouts: {implicit: 0, pageLoad: 300000, script: 30000}, unhandledPromptBehavior: dismiss and notify}
Session ID: da5b51b6-0a15-4547-bb75-31fb83fdeb8d
  java.base/jdk.internal.reflect.NativeConstructorAccessorImpl.newInstance0(Native Method)
  java.base/jdk.internal.reflect.NativeConstructorAccessorImpl.newInstance(NativeConstructorAccessorImpl.java:64)
  java.base/jdk.internal.reflect.DelegatingConstructorAccessorImpl.newInstance(DelegatingConstructorAccessorImpl.java:45)
  java.base/java.lang.reflect.Constructor.newInstanceWithCaller(Constructor.java:500)
  java.base/java.lang.reflect.Constructor.newInstance(Constructor.java:481)
  org.openqa.selenium.remote.http.W3CHttpResponseCodec.createException(W3CHttpResponseCodec.java:187)
  org.openqa.selenium.remote.http.W3CHttpResponseCodec.decode(W3CHttpResponseCodec.java:122)
  org.openqa.selenium.remote.http.W3CHttpResponseCodec.decode(W3CHttpResponseCodec.java:49)
  org.openqa.selenium.remote.HttpCommandExecutor.execute(HttpCommandExecutor.java:158)
  org.openqa.selenium.remote.service.DriverCommandExecutor.execute(DriverCommandExecutor.java:83)
  org.openqa.selenium.remote.RemoteWebDriver.execute(RemoteWebDriver.java:552)
  org.openqa.selenium.remote.RemoteWebElement.execute(RemoteWebElement.java:285)
  org.openqa.selenium.remote.RemoteWebElement.click(RemoteWebElement.java:84)
  org.openqa.selenium.support.ui.Select.setSelected(Select.java:311)
  org.openqa.selenium.support.ui.Select.selectByVisibleText(Select.java:116)
  commons.BasePage.selectItemInDropdown(BasePage.java:169)
  commons.BasePage.selectValueInDropdownById(BasePage.java:572)
  com.hrm.employee.Level_19_Live_Coding.Employee_03_Personal_Details(Level_19_Live_Coding.java:213)
  java.base/jdk.internal.reflect.NativeMethodAccessorImpl.invoke0(Native Method)
  java.base/jdk.internal.reflect.NativeMethodAccessorImpl.invoke(NativeMethodAccessorImpl.java:64)
  java.base/jdk.internal.reflect.DelegatingMethodAccessorImpl.invoke(DelegatingMethodAccessorImpl.java:43)
  java.base/java.lang.reflect.Method.invoke(Method.java:564)
  org.testng.internal.MethodInvocationHelper.invokeMethod(MethodInvocationHelper.java:86)
  org.testng.internal.Invoker.invokeMethod(Invoker.java:643)
  org.testng.internal.Invoker.invokeTestMethod(Invoker.java:820)
  org.testng.internal.Invoker.invokeTestMethods(Invoker.java:1128)
  org.testng.internal.TestMethodWorker.invokeTestMethods(TestMethodWorker.java:129)
  org.testng.internal.TestMethodWorker.run(TestMethodWorker.java:112)
  org.testng.TestRunner.privateRun(TestRunner.java:782)
  org.testng.TestRunner.run(TestRunner.java:632)
  org.testng.SuiteRunner.runTest(SuiteRunner.java:366)
  org.testng.SuiteRunner.access$000(SuiteRunner.java:39)
  org.testng.SuiteRunner$SuiteWorker.run(SuiteRunner.java:400)
  org.testng.internal.thread.ThreadUtil$2.call(ThreadUtil.java:64)
  java.base/java.util.concurrent.FutureTask.run(FutureTask.java:264)
  java.base/java.util.concurrent.ThreadPoolExecutor.runWorker(ThreadPoolExecutor.java:1130)
  java.base/java.util.concurrent.ThreadPoolExecutor$Worker.run(ThreadPoolExecutor.java:630)
  java.base/java.lang.Thread.run(Thread.java:832)
]]>
      </failure>

          </testcase>
  
  
            <testcase name="Employee_05_Emergency_Details" time="0.008" classname="com.hrm.employee.Level_19_Live_Coding" />
                <testcase name="Employee_07_Edit_View_Job" time="0.009" classname="com.hrm.employee.Level_19_Live_Coding" />
                <testcase name="Employee_11_Search_Employee" time="0.016" classname="com.hrm.employee.Level_19_Live_Coding" />
                <testcase name="Employee_08_Edit_View_Salary" time="0.016" classname="com.hrm.employee.Level_19_Live_Coding" />
                <testcase name="Employee_09_Edit_View_Tax" time="0.007" classname="com.hrm.employee.Level_19_Live_Coding" />
                <testcase name="Employee_01_Add_New_Employee" time="10.393" classname="com.hrm.employee.Level_19_Live_Coding" />
                <testcase name="Employee_02_Upload_Avatar" time="9.845" classname="com.hrm.employee.Level_19_Live_Coding" />
                <testcase name="Employee_10_Qualification" time="0.009" classname="com.hrm.employee.Level_19_Live_Coding" />
                <testcase name="Employee_04_Contact_Details" time="0.007" classname="com.hrm.employee.Level_19_Live_Coding" />
                <testcase name="Employee_06_Assigned_Dependent" time="0.010" classname="com.hrm.employee.Level_19_Live_Coding" />
      
</testsuite>
